#
# There is insufficient memory for the Java Runtime Environment to continue.
# Native memory allocation (malloc) failed to allocate 33936 bytes for Chunk::new
# Possible reasons:
#   The system is out of physical RAM or swap space
#   In 32 bit mode, the process size limit was hit
# Possible solutions:
#   Reduce memory load on the system
#   Increase physical memory or swap space
#   Check if swap backing store is full
#   Use 64 bit Java on a 64 bit OS
#   Decrease Java heap size (-Xmx/-Xms)
#   Decrease number of Java threads
#   Decrease Java thread stack sizes (-Xss)
#   Set larger code cache with -XX:ReservedCodeCacheSize=
# This output file may be truncated or incomplete.
#
#  Out of Memory Error (allocation.cpp:390), pid=5380, tid=5836
#
# JRE version: Java(TM) SE Runtime Environment (8.0_31-b13) (build 1.8.0_31-b13)
# Java VM: Java HotSpot(TM) 64-Bit Server VM (25.31-b07 mixed mode windows-amd64 compressed oops)
# Failed to write core dump. Minidumps are not enabled by default on client versions of Windows
#

---------------  T H R E A D  ---------------

Current thread (0x0000000005c1b000):  JavaThread "C2 CompilerThread0" daemon [_thread_in_native, id=5836, stack(0x0000000007160000,0x0000000007260000)]

Stack: [0x0000000007160000,0x0000000007260000]
Native frames: (J=compiled Java code, j=interpreted, Vv=VM code, C=native code)
V  [jvm.dll+0x3169ba]
V  [jvm.dll+0x2674c3]
V  [jvm.dll+0x268103]
V  [jvm.dll+0x25f8f5]
V  [jvm.dll+0xbf025]
V  [jvm.dll+0xbf4cc]
V  [jvm.dll+0x451fc9]
V  [jvm.dll+0x45347f]
V  [jvm.dll+0x454124]
V  [jvm.dll+0x437c62]
V  [jvm.dll+0x988e2]
V  [jvm.dll+0x990d3]
V  [jvm.dll+0x22c194]
V  [jvm.dll+0x28576a]
C  [msvcr100.dll+0x21d9f]
C  [msvcr100.dll+0x21e3b]
C  [KERNEL32.DLL+0x15dd]
C  [ntdll.dll+0x743d1]


Current CompileTask:
C2:  69580 2956       4       java.util.TimSort::sort (229 bytes)


---------------  P R O C E S S  ---------------

Java Threads: ( => current thread )
  0x0000000007d49000 JavaThread "pool-2-thread-4" [_thread_blocked, id=5712, stack(0x0000000009630000,0x0000000009730000)]
  0x0000000007eec000 JavaThread "pool-2-thread-3" [_thread_blocked, id=6512, stack(0x0000000009530000,0x0000000009630000)]
  0x0000000007eeb000 JavaThread "pool-2-thread-2" [_thread_blocked, id=5440, stack(0x0000000009430000,0x0000000009530000)]
  0x000000000851f800 JavaThread "pool-3-thread-1" [_thread_blocked, id=6968, stack(0x0000000009330000,0x0000000009430000)]
  0x00000000085f9800 JavaThread "pool-2-thread-1" [_thread_blocked, id=4588, stack(0x0000000009230000,0x0000000009330000)]
  0x0000000007475000 JavaThread "Service Thread" daemon [_thread_blocked, id=5432, stack(0x0000000007860000,0x0000000007960000)]
  0x0000000005c10800 JavaThread "C1 CompilerThread2" daemon [_thread_blocked, id=6604, stack(0x0000000007360000,0x0000000007460000)]
  0x0000000005c0a000 JavaThread "C2 CompilerThread1" daemon [_thread_in_native, id=5368, stack(0x0000000007260000,0x0000000007360000)]
=>0x0000000005c1b000 JavaThread "C2 CompilerThread0" daemon [_thread_in_native, id=5836, stack(0x0000000007160000,0x0000000007260000)]
  0x0000000005c19000 JavaThread "Attach Listener" daemon [_thread_blocked, id=4600, stack(0x0000000007060000,0x0000000007160000)]
  0x0000000005c16800 JavaThread "Signal Dispatcher" daemon [_thread_blocked, id=4360, stack(0x0000000006f60000,0x0000000007060000)]
  0x0000000002531000 JavaThread "Finalizer" daemon [_thread_blocked, id=6800, stack(0x0000000006e60000,0x0000000006f60000)]
  0x000000000252e000 JavaThread "Reference Handler" daemon [_thread_blocked, id=4992, stack(0x0000000006d60000,0x0000000006e60000)]
  0x00000000007ad800 JavaThread "main" [_thread_in_native, id=3636, stack(0x0000000002340000,0x0000000002440000)]

Other Threads:
  0x0000000005bd6000 VMThread [stack: 0x0000000006c60000,0x0000000006d60000] [id=6584]
  0x0000000007490000 WatcherThread [stack: 0x0000000007960000,0x0000000007a60000] [id=4192]

VM state:not at safepoint (normal execution)

VM Mutex/Monitor currently owned by a thread: None

Heap:
 PSYoungGen      total 232960K, used 27883K [0x00000000eab00000, 0x0000000100000000, 0x0000000100000000)
  eden space 116736K, 6% used [0x00000000eab00000,0x00000000eb2a9bc8,0x00000000f1d00000)
  from space 116224K, 17% used [0x00000000f1d00000,0x00000000f3091278,0x00000000f8e80000)
  to   space 116224K, 0% used [0x00000000f8e80000,0x00000000f8e80000,0x0000000100000000)
 ParOldGen       total 699392K, used 544986K [0x00000000c0000000, 0x00000000eab00000, 0x00000000eab00000)
  object space 699392K, 77% used [0x00000000c0000000,0x00000000e1436b88,0x00000000eab00000)
 Metaspace       used 6579K, capacity 7320K, committed 7680K, reserved 1056768K
  class space    used 616K, capacity 656K, committed 768K, reserved 1048576K

Card table byte_map: [0x0000000002900000,0x0000000002b10000] byte_map_base: 0x0000000002300000

Marking Bits: (ParMarkBitMap*) 0x000000006364d4f0
 Begin Bits: [0x0000000003070000, 0x0000000004070000)
 End Bits:   [0x0000000004070000, 0x0000000005070000)

Polling page: 0x00000000005a0000

CodeCache: size=245760Kb used=9693Kb max_used=14100Kb free=236066Kb
 bounds [0x000000000f010000, 0x000000000fdf0000, 0x000000001e010000]
 total_blobs=2461 nmethods=2196 adapters=178
 compilation: enabled

Compilation events (10 events):
Event: 58.003 Thread 0x0000000005c1b000 2954       4       com.android.dx.dex.code.OutputCollector::appendSuffixToOutput (45 bytes)
Event: 58.005 Thread 0x0000000005c0a000 2955       4       com.android.dx.dex.code.RopTranslator::translateAndGetResult (48 bytes)
Event: 58.020 Thread 0x0000000005c1b000 nmethod 2954 0x000000000f4ca350 code [0x000000000f4ca4e0, 0x000000000f4cac68]
Event: 58.028 Thread 0x0000000005c0a000 nmethod 2955 0x000000000f514290 code [0x000000000f514480, 0x000000000f515140]
Event: 58.068 Thread 0x0000000005c1b000 2956       4       java.util.TimSort::sort (229 bytes)
Event: 58.069 Thread 0x0000000005c0a000 2957       4       com.android.dx.rop.code.Rops::opIfEq (17 bytes)
Event: 58.073 Thread 0x0000000005c0a000 nmethod 2957 0x000000000f13b610 code [0x000000000f13b7a0, 0x000000000f13bac8]
Event: 58.073 Thread 0x0000000005c0a000 2958       4       java.util.Arrays::sort (47 bytes)
Event: 58.212 Thread 0x0000000005c10800 2959   !   3       java.util.concurrent.locks.AbstractQueuedSynchronizer::acquireQueued (93 bytes)
Event: 58.213 Thread 0x0000000005c10800 nmethod 2959 0x000000000f259810 code [0x000000000f259a20, 0x000000000f25a518]

GC Heap History (10 events):
Event: 38.487 GC heap before
{Heap before GC invocations=42 (full 11):
 PSYoungGen      total 232960K, used 116736K [0x00000000eab00000, 0x0000000100000000, 0x0000000100000000)
  eden space 116736K, 100% used [0x00000000eab00000,0x00000000f1d00000,0x00000000f1d00000)
  from space 116224K, 0% used [0x00000000f1d00000,0x00000000f1d00000,0x00000000f8e80000)
  to   space 116224K, 0% used [0x00000000f8e80000,0x00000000f8e80000,0x0000000100000000)
 ParOldGen       total 699392K, used 636760K [0x00000000c0000000, 0x00000000eab00000, 0x00000000eab00000)
  object space 699392K, 91% used [0x00000000c0000000,0x00000000e6dd6200,0x00000000eab00000)
 Metaspace       used 6579K, capacity 7320K, committed 7680K, reserved 1056768K
  class space    used 616K, capacity 656K, committed 768K, reserved 1048576K
Event: 39.426 GC heap after
Heap after GC invocations=42 (full 11):
 PSYoungGen      total 232960K, used 0K [0x00000000eab00000, 0x0000000100000000, 0x0000000100000000)
  eden space 116736K, 0% used [0x00000000eab00000,0x00000000eab00000,0x00000000f1d00000)
  from space 116224K, 0% used [0x00000000f1d00000,0x00000000f1d00000,0x00000000f8e80000)
  to   space 116224K, 0% used [0x00000000f8e80000,0x00000000f8e80000,0x0000000100000000)
 ParOldGen       total 699392K, used 511181K [0x00000000c0000000, 0x00000000eab00000, 0x00000000eab00000)
  object space 699392K, 73% used [0x00000000c0000000,0x00000000df333460,0x00000000eab00000)
 Metaspace       used 6579K, capacity 7320K, committed 7680K, reserved 1056768K
  class space    used 616K, capacity 656K, committed 768K, reserved 1048576K
}
Event: 39.802 GC heap before
{Heap before GC invocations=43 (full 11):
 PSYoungGen      total 232960K, used 116736K [0x00000000eab00000, 0x0000000100000000, 0x0000000100000000)
  eden space 116736K, 100% used [0x00000000eab00000,0x00000000f1d00000,0x00000000f1d00000)
  from space 116224K, 0% used [0x00000000f1d00000,0x00000000f1d00000,0x00000000f8e80000)
  to   space 116224K, 0% used [0x00000000f8e80000,0x00000000f8e80000,0x0000000100000000)
 ParOldGen       total 699392K, used 511181K [0x00000000c0000000, 0x00000000eab00000, 0x00000000eab00000)
  object space 699392K, 73% used [0x00000000c0000000,0x00000000df333460,0x00000000eab00000)
 Metaspace       used 6579K, capacity 7320K, committed 7680K, reserved 1056768K
  class space    used 616K, capacity 656K, committed 768K, reserved 1048576K
Event: 39.843 GC heap after
Heap after GC invocations=43 (full 11):
 PSYoungGen      total 232960K, used 86400K [0x00000000eab00000, 0x0000000100000000, 0x0000000100000000)
  eden space 116736K, 0% used [0x00000000eab00000,0x00000000eab00000,0x00000000f1d00000)
  from space 116224K, 74% used [0x00000000f8e80000,0x00000000fe2e01e0,0x0000000100000000)
  to   space 116224K, 0% used [0x00000000f1d00000,0x00000000f1d00000,0x00000000f8e80000)
 ParOldGen       total 699392K, used 511181K [0x00000000c0000000, 0x00000000eab00000, 0x00000000eab00000)
  object space 699392K, 73% used [0x00000000c0000000,0x00000000df333460,0x00000000eab00000)
 Metaspace       used 6579K, capacity 7320K, committed 7680K, reserved 1056768K
  class space    used 616K, capacity 656K, committed 768K, reserved 1048576K
}
Event: 39.932 GC heap before
{Heap before GC invocations=44 (full 11):
 PSYoungGen      total 232960K, used 203136K [0x00000000eab00000, 0x0000000100000000, 0x0000000100000000)
  eden space 116736K, 100% used [0x00000000eab00000,0x00000000f1d00000,0x00000000f1d00000)
  from space 116224K, 74% used [0x00000000f8e80000,0x00000000fe2e01e0,0x0000000100000000)
  to   space 116224K, 0% used [0x00000000f1d00000,0x00000000f1d00000,0x00000000f8e80000)
 ParOldGen       total 699392K, used 511181K [0x00000000c0000000, 0x00000000eab00000, 0x00000000eab00000)
  object space 699392K, 73% used [0x00000000c0000000,0x00000000df333460,0x00000000eab00000)
 Metaspace       used 6579K, capacity 7320K, committed 7680K, reserved 1056768K
  class space    used 616K, capacity 656K, committed 768K, reserved 1048576K
Event: 39.987 GC heap after
Heap after GC invocations=44 (full 11):
 PSYoungGen      total 232960K, used 34112K [0x00000000eab00000, 0x0000000100000000, 0x0000000100000000)
  eden space 116736K, 0% used [0x00000000eab00000,0x00000000eab00000,0x00000000f1d00000)
  from space 116224K, 29% used [0x00000000f1d00000,0x00000000f3e503b0,0x00000000f8e80000)
  to   space 116224K, 0% used [0x00000000f8e80000,0x00000000f8e80000,0x0000000100000000)
 ParOldGen       total 699392K, used 601077K [0x00000000c0000000, 0x00000000eab00000, 0x00000000eab00000)
  object space 699392K, 85% used [0x00000000c0000000,0x00000000e4afd640,0x00000000eab00000)
 Metaspace       used 6579K, capacity 7320K, committed 7680K, reserved 1056768K
  class space    used 616K, capacity 656K, committed 768K, reserved 1048576K
}
Event: 39.987 GC heap before
{Heap before GC invocations=45 (full 12):
 PSYoungGen      total 232960K, used 34112K [0x00000000eab00000, 0x0000000100000000, 0x0000000100000000)
  eden space 116736K, 0% used [0x00000000eab00000,0x00000000eab00000,0x00000000f1d00000)
  from space 116224K, 29% used [0x00000000f1d00000,0x00000000f3e503b0,0x00000000f8e80000)
  to   space 116224K, 0% used [0x00000000f8e80000,0x00000000f8e80000,0x0000000100000000)
 ParOldGen       total 699392K, used 601077K [0x00000000c0000000, 0x00000000eab00000, 0x00000000eab00000)
  object space 699392K, 85% used [0x00000000c0000000,0x00000000e4afd640,0x00000000eab00000)
 Metaspace       used 6579K, capacity 7320K, committed 7680K, reserved 1056768K
  class space    used 616K, capacity 656K, committed 768K, reserved 1048576K
Event: 41.050 GC heap after
Heap after GC invocations=45 (full 12):
 PSYoungGen      total 232960K, used 0K [0x00000000eab00000, 0x0000000100000000, 0x0000000100000000)
  eden space 116736K, 0% used [0x00000000eab00000,0x00000000eab00000,0x00000000f1d00000)
  from space 116224K, 0% used [0x00000000f1d00000,0x00000000f1d00000,0x00000000f8e80000)
  to   space 116224K, 0% used [0x00000000f8e80000,0x00000000f8e80000,0x0000000100000000)
 ParOldGen       total 699392K, used 620232K [0x00000000c0000000, 0x00000000eab00000, 0x00000000eab00000)
  object space 699392K, 88% used [0x00000000c0000000,0x00000000e5db20f0,0x00000000eab00000)
 Metaspace       used 6579K, capacity 7320K, committed 7680K, reserved 1056768K
  class space    used 616K, capacity 656K, committed 768K, reserved 1048576K
}
Event: 42.908 GC heap before
{Heap before GC invocations=46 (full 13):
 PSYoungGen      total 232960K, used 116736K [0x00000000eab00000, 0x0000000100000000, 0x0000000100000000)
  eden space 116736K, 100% used [0x00000000eab00000,0x00000000f1d00000,0x00000000f1d00000)
  from space 116224K, 0% used [0x00000000f1d00000,0x00000000f1d00000,0x00000000f8e80000)
  to   space 116224K, 0% used [0x00000000f8e80000,0x00000000f8e80000,0x0000000100000000)
 ParOldGen       total 699392K, used 620232K [0x00000000c0000000, 0x00000000eab00000, 0x00000000eab00000)
  object space 699392K, 88% used [0x00000000c0000000,0x00000000e5db20f0,0x00000000eab00000)
 Metaspace       used 6579K, capacity 7320K, committed 7680K, reserved 1056768K
  class space    used 616K, capacity 656K, committed 768K, reserved 1048576K
Event: 43.937 GC heap after
Heap after GC invocations=46 (full 13):
 PSYoungGen      total 232960K, used 0K [0x00000000eab00000, 0x0000000100000000, 0x0000000100000000)
  eden space 116736K, 0% used [0x00000000eab00000,0x00000000eab00000,0x00000000f1d00000)
  from space 116224K, 0% used [0x00000000f1d00000,0x00000000f1d00000,0x00000000f8e80000)
  to   space 116224K, 0% used [0x00000000f8e80000,0x00000000f8e80000,0x0000000100000000)
 ParOldGen       total 699392K, used 526887K [0x00000000c0000000, 0x00000000eab00000, 0x00000000eab00000)
  object space 699392K, 75% used [0x00000000c0000000,0x00000000e0289d70,0x00000000eab00000)
 Metaspace       used 6579K, capacity 7320K, committed 7680K, reserved 1056768K
  class space    used 616K, capacity 656K, committed 768K, reserved 1048576K
}

Deoptimization events (10 events):
Event: 32.006 Thread 0x00000000085f9800 Uncommon trap: reason=class_check action=maybe_recompile pc=0x000000000f8d6cfc method=com.android.dx.ssa.back.InterferenceGraph.mergeInterferenceSet(ILcom/android/dx/util/IntSet;)V @ 20
Event: 32.006 Thread 0x00000000085f9800 Uncommon trap: reason=class_check action=maybe_recompile pc=0x000000000fd52c1c method=com.android.dx.util.BitIntSet.merge(Lcom/android/dx/util/IntSet;)V @ 1
Event: 32.006 Thread 0x00000000085f9800 Uncommon trap: reason=class_check action=maybe_recompile pc=0x000000000f8d6cfc method=com.android.dx.ssa.back.InterferenceGraph.mergeInterferenceSet(ILcom/android/dx/util/IntSet;)V @ 20
Event: 32.006 Thread 0x00000000085f9800 Uncommon trap: reason=class_check action=maybe_recompile pc=0x000000000fd52c1c method=com.android.dx.util.BitIntSet.merge(Lcom/android/dx/util/IntSet;)V @ 1
Event: 32.011 Thread 0x00000000085f9800 Uncommon trap: reason=class_check action=maybe_recompile pc=0x000000000f8d6cfc method=com.android.dx.ssa.back.InterferenceGraph.mergeInterferenceSet(ILcom/android/dx/util/IntSet;)V @ 20
Event: 32.011 Thread 0x00000000085f9800 Uncommon trap: reason=class_check action=maybe_recompile pc=0x000000000fd52c1c method=com.android.dx.util.BitIntSet.merge(Lcom/android/dx/util/IntSet;)V @ 1
Event: 49.486 Thread 0x0000000007eec000 Uncommon trap: reason=class_check action=maybe_recompile pc=0x000000000fdc8150 method=com.android.dx.rop.cst.CstLiteral64.equals(Ljava/lang/Object;)Z @ 20
Event: 49.486 Thread 0x0000000007eec000 Uncommon trap: reason=class_check action=maybe_recompile pc=0x000000000fdc8150 method=com.android.dx.rop.cst.CstLiteral64.equals(Ljava/lang/Object;)Z @ 20
Event: 49.486 Thread 0x0000000007eec000 Uncommon trap: reason=class_check action=maybe_recompile pc=0x000000000fdc8150 method=com.android.dx.rop.cst.CstLiteral64.equals(Ljava/lang/Object;)Z @ 20
Event: 49.486 Thread 0x0000000007eec000 Uncommon trap: reason=class_check action=maybe_recompile pc=0x000000000fdc8150 method=com.android.dx.rop.cst.CstLiteral64.equals(Ljava/lang/Object;)Z @ 20

Internal exceptions (10 events):
Event: 3.133 Thread 0x00000000085f9800 Exception <a 'java/lang/ArrayIndexOutOfBoundsException'> (0x00000000ebdb38f8) thrown at [C:\workspace\8-2-build-windows-amd64-cygwin\jdk8u31\2394\hotspot\src\share\vm\runtime\sharedRuntime.cpp, line 604]
Event: 6.474 Thread 0x0000000007d49000 Implicit null exception at 0x000000000f90d608 to 0x000000000f914445
Event: 10.005 Thread 0x00000000007ad800 Exception <a 'java/security/PrivilegedActionException'> (0x00000000f27dcbb8) thrown at [C:\workspace\8-2-build-windows-amd64-cygwin\jdk8u31\2394\hotspot\src\share\vm\prims\jvm.cpp, line 1312]
Event: 10.008 Thread 0x00000000007ad800 Implicit null exception at 0x000000000f20a2ec to 0x000000000f20aa99
Event: 11.411 Thread 0x00000000085f9800 Implicit null exception at 0x000000000f8625c1 to 0x000000000f8637b1
Event: 14.526 Thread 0x0000000007d49000 Exception <a 'java/security/PrivilegedActionException'> (0x00000000f4b69d00) thrown at [C:\workspace\8-2-build-windows-amd64-cygwin\jdk8u31\2394\hotspot\src\share\vm\prims\jvm.cpp, line 1312]
Event: 14.563 Thread 0x00000000007ad800 Exception <a 'java/security/PrivilegedActionException'> (0x00000000f54043c8) thrown at [C:\workspace\8-2-build-windows-amd64-cygwin\jdk8u31\2394\hotspot\src\share\vm\prims\jvm.cpp, line 1312]
Event: 14.915 Thread 0x00000000085f9800 Exception <a 'java/security/PrivilegedActionException'> (0x00000000f9149808) thrown at [C:\workspace\8-2-build-windows-amd64-cygwin\jdk8u31\2394\hotspot\src\share\vm\prims\jvm.cpp, line 1312]
Event: 23.295 Thread 0x0000000007d49000 Exception <a 'java/security/PrivilegedActionException'> (0x00000000ee9c99b8) thrown at [C:\workspace\8-2-build-windows-amd64-cygwin\jdk8u31\2394\hotspot\src\share\vm\prims\jvm.cpp, line 1312]
Event: 23.311 Thread 0x0000000007d49000 Exception <a 'java/security/PrivilegedActionException'> (0x00000000eeaffb68) thrown at [C:\workspace\8-2-build-windows-amd64-cygwin\jdk8u31\2394\hotspot\src\share\vm\prims\jvm.cpp, line 1312]

Events (10 events):
Event: 51.016 Thread 0x0000000005c10800 flushing nmethod 0x000000000f887010
Event: 51.016 Thread 0x0000000005c10800 flushing nmethod 0x000000000f8d8090
Event: 51.016 Thread 0x0000000005c10800 flushing nmethod 0x000000000f8d9090
Event: 55.045 Thread 0x0000000005c1b000 flushing nmethod 0x000000000f9c37d0
Event: 55.045 Thread 0x0000000005c1b000 flushing nmethod 0x000000000f9e4910
Event: 55.045 Thread 0x0000000005c1b000 flushing nmethod 0x000000000f9f44d0
Event: 55.045 Thread 0x0000000005c1b000 flushing nmethod 0x000000000f9f4c90
Event: 55.045 Thread 0x0000000005c1b000 flushing nmethod 0x000000000fa76b90
Event: 55.046 Thread 0x0000000005c1b000 flushing nmethod 0x000000000faeb1d0
Event: 58.021 Thread 0x0000000005c1b000 flushing nmethod 0x000000000fd4aa10


Dynamic libraries:
0x00007ff673c20000 - 0x00007ff673c54000 	C:\Program Files\Java\jdk1.8.0_31\bin\java.exe
0x00007ff919830000 - 0x00007ff9199d9000 	C:\Windows\SYSTEM32\ntdll.dll
0x00007ff916890000 - 0x00007ff9169c9000 	C:\Windows\system32\KERNEL32.DLL
0x00007ff915960000 - 0x00007ff915a6e000 	C:\Windows\system32\KERNELBASE.dll
0x00007ff9144f0000 - 0x00007ff91457b000 	C:\Windows\system32\apphelp.dll
0x00007ff901010000 - 0x00007ff90105f000 	C:\Windows\AppPatch\AppPatch64\AcGenral.DLL
0x00007ff9164e0000 - 0x00007ff916587000 	C:\Windows\system32\msvcrt.dll
0x00007ff915620000 - 0x00007ff91564b000 	C:\Windows\SYSTEM32\SspiCli.dll
0x00007ff9182b0000 - 0x00007ff918301000 	C:\Windows\system32\SHLWAPI.dll
0x00007ff918110000 - 0x00007ff918281000 	C:\Windows\system32\USER32.dll
0x00007ff915e00000 - 0x00007ff915f76000 	C:\Windows\system32\ole32.dll
0x00007ff916b60000 - 0x00007ff917f6d000 	C:\Windows\system32\SHELL32.dll
0x00007ff914e50000 - 0x00007ff914e6f000 	C:\Windows\SYSTEM32\USERENV.dll
0x00007ff915ff0000 - 0x00007ff916095000 	C:\Windows\system32\ADVAPI32.dll
0x00007ff9010d0000 - 0x00007ff9010eb000 	C:\Windows\SYSTEM32\MPR.dll
0x00007ff918310000 - 0x00007ff918446000 	C:\Windows\system32\RPCRT4.dll
0x00007ff915da0000 - 0x00007ff915df7000 	C:\Windows\SYSTEM32\sechost.dll
0x00007ff916650000 - 0x00007ff916827000 	C:\Windows\SYSTEM32\combase.dll
0x00007ff916a10000 - 0x00007ff916b55000 	C:\Windows\system32\GDI32.dll
0x00007ff915890000 - 0x00007ff9158a4000 	C:\Windows\SYSTEM32\profapi.dll
0x00007ff913f10000 - 0x00007ff913fb1000 	C:\Windows\SYSTEM32\SHCORE.dll
0x00007ff9169d0000 - 0x00007ff916a04000 	C:\Windows\system32\IMM32.DLL
0x00007ff916140000 - 0x00007ff916278000 	C:\Windows\system32\MSCTF.dll
0x00007ff915840000 - 0x00007ff915871000 	C:\Windows\system32\nvinitx.dll
0x00007ff915830000 - 0x00007ff91583a000 	C:\Windows\SYSTEM32\VERSION.dll
0x000000000f000000 - 0x000000000f006000 	C:\Program Files\NVIDIA Corporation\CoProcManager\_etoured.dll
0x00007ff913920000 - 0x00007ff913951000 	C:\Program Files\NVIDIA Corporation\CoProcManager\nvd3d9wrapx.dll
0x00007ff916300000 - 0x00007ff9164d6000 	C:\Windows\system32\SETUPAPI.dll
0x00007ff915d50000 - 0x00007ff915d9a000 	C:\Windows\system32\CFGMGR32.dll
0x00007ff913880000 - 0x00007ff9138a2000 	C:\Program Files\NVIDIA Corporation\CoProcManager\nvdxgiwrapx.dll
0x00007ff913ad0000 - 0x00007ff913d2a000 	C:\Windows\WinSxS\amd64_microsoft.windows.common-controls_6595b64144ccf1df_6.0.9600.16384_none_62475f7becb72503\COMCTL32.dll
0x00007ff90c300000 - 0x00007ff90c391000 	C:\Program Files (x86)\AVG\AVG2015\avghooka.dll
0x0000000064500000 - 0x00000000645d2000 	C:\Program Files\Java\jdk1.8.0_31\jre\bin\msvcr100.dll
0x0000000062e70000 - 0x00000000636ca000 	C:\Program Files\Java\jdk1.8.0_31\jre\bin\server\jvm.dll
0x00007ff908830000 - 0x00007ff908839000 	C:\Windows\SYSTEM32\WSOCK32.dll
0x00007ff913120000 - 0x00007ff91313f000 	C:\Windows\SYSTEM32\WINMM.dll
0x00007ff9162f0000 - 0x00007ff9162f7000 	C:\Windows\system32\PSAPI.DLL
0x00007ff915f80000 - 0x00007ff915fd8000 	C:\Windows\system32\WS2_32.dll
0x00007ff9113f0000 - 0x00007ff91141a000 	C:\Windows\SYSTEM32\WINMMBASE.dll
0x00007ff9162e0000 - 0x00007ff9162e9000 	C:\Windows\system32\NSI.dll
0x00007ff9145a0000 - 0x00007ff9145c6000 	C:\Windows\SYSTEM32\DEVOBJ.dll
0x0000000062e60000 - 0x0000000062e6f000 	C:\Program Files\Java\jdk1.8.0_31\jre\bin\verify.dll
0x0000000062e30000 - 0x0000000062e58000 	C:\Program Files\Java\jdk1.8.0_31\jre\bin\java.dll
0x0000000062e10000 - 0x0000000062e26000 	C:\Program Files\Java\jdk1.8.0_31\jre\bin\zip.dll
0x00007ff90b8e0000 - 0x00007ff90ba68000 	C:\Windows\SYSTEM32\dbghelp.dll

VM Arguments:
jvm_args: -Xmx1024M -Dfile.encoding=windows-1252 -Duser.country=US -Duser.language=en -Duser.variant 
java_command: com.android.dx.command.Main --dex --num-threads=4 --multi-dex --main-dex-list C:\Users\Jansen\Desktop\pick-a-park\app\build\intermediates\multi-dex\debug\maindexlist.txt --output C:\Users\Jansen\Desktop\pick-a-park\app\build\intermediates\dex\debug C:\Users\Jansen\Desktop\pick-a-park\app\build\intermediates\multi-dex\debug\allclasses.jar
java_class_path (initial): D:\AndroidProgramming\Android\SDK\build-tools\23.0.2\lib\dx.jar
Launcher Type: SUN_STANDARD

Environment Variables:
JAVA_HOME=C:\Program Files\Java\jdk1.8.0_31
PATH=C:\Program Files\Broadcom\Broadcom 802.11 Network Adapter;C:\oracle\product\10.2.0\db_1\bin;C:\ProgramData\Oracle\Java\javapath;C:\Program Files (x86)\Intel\iCLS Client\;C:\Program Files\Intel\iCLS Client\;C:\Windows\system32;C:\Windows;C:\Windows\System32\Wbem;C:\Windows\System32\WindowsPowerShell\v1.0\;C:\Program Files (x86)\Intel\OpenCL SDK\2.0\bin\x86;C:\Program Files (x86)\Intel\OpenCL SDK\2.0\bin\x64;C:\Program Files\Intel\Intel(R) Management Engine Components\DAL;C:\Program Files\Intel\Intel(R) Management Engine Components\IPT;C:\Program Files (x86)\Intel\Intel(R) Management Engine Components\DAL;C:\Program Files (x86)\Intel\Intel(R) Management Engine Components\IPT;C:\Program Files (x86)\NVIDIA Corporation\PhysX\Common;C:\Program Files (x86)\Git\cmd;C:\apache-ant-1.9.5\bin;D:\AndroidProgramming\Android\SDK\tools;C:\Program Files (x86)\CloudFoundry;C:\Program Files (x86)\Common Files\lenovo\easyplussdk\bin;C:\Program Files (x86)\Skype\Phone\
USERNAME=Jansen
OS=Windows_NT
PROCESSOR_IDENTIFIER=Intel64 Family 6 Model 58 Stepping 9, GenuineIntel



---------------  S Y S T E M  ---------------

OS: Windows 8.1 , 64 bit Build 9600 

CPU:total 4 (2 cores per cpu, 2 threads per core) family 6 model 58 stepping 9, cmov, cx8, fxsr, mmx, sse, sse2, sse3, ssse3, sse4.1, sse4.2, popcnt, avx, aes, clmul, erms, ht, tsc, tscinvbit, tscinv

Memory: 4k page, physical 4094312k(169820k free), swap 6191464k(152048k free)

vm_info: Java HotSpot(TM) 64-Bit Server VM (25.31-b07) for windows-amd64 JRE (1.8.0_31-b13), built on Dec 17 2014 21:00:28 by "java_re" with MS VC++ 10.0 (VS2010)

time: Thu Nov 19 17:57:48 2015
elapsed time: 69 seconds (0d 0h 1m 9s)

