#
# There is insufficient memory for the Java Runtime Environment to continue.
# Native memory allocation (malloc) failed to allocate 68336 bytes for Chunk::new
# Possible reasons:
#   The system is out of physical RAM or swap space
#   In 32 bit mode, the process size limit was hit
# Possible solutions:
#   Reduce memory load on the system
#   Increase physical memory or swap space
#   Check if swap backing store is full
#   Use 64 bit Java on a 64 bit OS
#   Decrease Java heap size (-Xmx/-Xms)
#   Decrease number of Java threads
#   Decrease Java thread stack sizes (-Xss)
#   Set larger code cache with -XX:ReservedCodeCacheSize=
# This output file may be truncated or incomplete.
#
#  Out of Memory Error (allocation.cpp:390), pid=3044, tid=5064
#
# JRE version: Java(TM) SE Runtime Environment (8.0_31-b13) (build 1.8.0_31-b13)
# Java VM: Java HotSpot(TM) 64-Bit Server VM (25.31-b07 mixed mode windows-amd64 compressed oops)
# Failed to write core dump. Minidumps are not enabled by default on client versions of Windows
#

---------------  T H R E A D  ---------------

Current thread (0x000000000616b000):  JavaThread "C2 CompilerThread1" daemon [_thread_in_native, id=5064, stack(0x00000000077c0000,0x00000000078c0000)]

Stack: [0x00000000077c0000,0x00000000078c0000]
Native frames: (J=compiled Java code, j=interpreted, Vv=VM code, C=native code)
V  [jvm.dll+0x3169ba]
V  [jvm.dll+0x2674c3]
V  [jvm.dll+0x268103]
V  [jvm.dll+0x25f8f5]
V  [jvm.dll+0xbf025]
V  [jvm.dll+0xbf4cc]
V  [jvm.dll+0xbf774]
V  [jvm.dll+0xdd185]
V  [jvm.dll+0x496664]
V  [jvm.dll+0x49e8a2]
V  [jvm.dll+0x49ebd3]
V  [jvm.dll+0x49ed3d]
V  [jvm.dll+0x49f499]
V  [jvm.dll+0x452b35]
V  [jvm.dll+0x454124]
V  [jvm.dll+0x437c62]
V  [jvm.dll+0x988e2]
V  [jvm.dll+0x990d3]
V  [jvm.dll+0x22c194]
V  [jvm.dll+0x28576a]
C  [msvcr100.dll+0x21d9f]
C  [msvcr100.dll+0x21e3b]
C  [KERNEL32.DLL+0x15dd]
C  [ntdll.dll+0x743d1]


Current CompileTask:
C2: 176020 3258       4       com.android.dx.dex.code.RopTranslator$TranslationVisitor::visitThrowingInsn (118 bytes)


---------------  P R O C E S S  ---------------

Java Threads: ( => current thread )
  0x0000000007bdf800 JavaThread "pool-2-thread-4" [_thread_blocked, id=7804, stack(0x0000000009b90000,0x0000000009c90000)]
  0x0000000007bdb000 JavaThread "pool-2-thread-3" [_thread_blocked, id=6844, stack(0x0000000009a90000,0x0000000009b90000)]
  0x0000000007bdb800 JavaThread "pool-2-thread-2" [_thread_blocked, id=7068, stack(0x0000000009990000,0x0000000009a90000)]
  0x00000000085e0800 JavaThread "pool-3-thread-1" [_thread_blocked, id=7084, stack(0x0000000009890000,0x0000000009990000)]
  0x000000000887f800 JavaThread "pool-2-thread-1" [_thread_blocked, id=6928, stack(0x0000000009790000,0x0000000009890000)]
  0x00000000079dc800 JavaThread "Service Thread" daemon [_thread_blocked, id=4932, stack(0x0000000007dc0000,0x0000000007ec0000)]
  0x0000000006171000 JavaThread "C1 CompilerThread2" daemon [_thread_blocked, id=6248, stack(0x00000000078c0000,0x00000000079c0000)]
=>0x000000000616b000 JavaThread "C2 CompilerThread1" daemon [_thread_in_native, id=5064, stack(0x00000000077c0000,0x00000000078c0000)]
  0x0000000006169000 JavaThread "C2 CompilerThread0" daemon [_thread_in_native, id=2616, stack(0x00000000076c0000,0x00000000077c0000)]
  0x0000000006177000 JavaThread "Attach Listener" daemon [_thread_blocked, id=1308, stack(0x00000000075c0000,0x00000000076c0000)]
  0x0000000006175800 JavaThread "Signal Dispatcher" daemon [_thread_blocked, id=6728, stack(0x00000000074c0000,0x00000000075c0000)]
  0x0000000002a95000 JavaThread "Finalizer" daemon [_thread_blocked, id=1648, stack(0x00000000073c0000,0x00000000074c0000)]
  0x0000000002a8c000 JavaThread "Reference Handler" daemon [_thread_blocked, id=3844, stack(0x00000000072c0000,0x00000000073c0000)]
  0x0000000000c7d800 JavaThread "main" [_thread_in_native, id=4820, stack(0x00000000028a0000,0x00000000029a0000)]

Other Threads:
  0x0000000006136000 VMThread [stack: 0x00000000071c0000,0x00000000072c0000] [id=7652]
  0x00000000079e7000 WatcherThread [stack: 0x0000000007ec0000,0x0000000007fc0000] [id=7876]

VM state:not at safepoint (normal execution)

VM Mutex/Monitor currently owned by a thread: None

Heap:
 PSYoungGen      total 232960K, used 132719K [0x00000000eab00000, 0x0000000100000000, 0x0000000100000000)
  eden space 116736K, 98% used [0x00000000eab00000,0x00000000f1ae07b0,0x00000000f1d00000)
  from space 116224K, 15% used [0x00000000f1d00000,0x00000000f2ebb570,0x00000000f8e80000)
  to   space 116224K, 0% used [0x00000000f8e80000,0x00000000f8e80000,0x0000000100000000)
 ParOldGen       total 699392K, used 590749K [0x00000000c0000000, 0x00000000eab00000, 0x00000000eab00000)
  object space 699392K, 84% used [0x00000000c0000000,0x00000000e40e7418,0x00000000eab00000)
 Metaspace       used 6589K, capacity 7320K, committed 7680K, reserved 1056768K
  class space    used 616K, capacity 656K, committed 768K, reserved 1048576K

Card table byte_map: [0x0000000002e60000,0x0000000003070000] byte_map_base: 0x0000000002860000

Marking Bits: (ParMarkBitMap*) 0x000000007689d4f0
 Begin Bits: [0x00000000035d0000, 0x00000000045d0000)
 End Bits:   [0x00000000045d0000, 0x00000000055d0000)

Polling page: 0x0000000000c60000

CodeCache: size=245760Kb used=10685Kb max_used=11797Kb free=235074Kb
 bounds [0x000000000f010000, 0x000000000fbc0000, 0x000000001e010000]
 total_blobs=2559 nmethods=2294 adapters=178
 compilation: enabled

Compilation events (10 events):
Event: 126.674 Thread 0x0000000006171000 3253       3       com.android.dx.cf.code.Simulator::access$200 (6 bytes)
Event: 126.674 Thread 0x0000000006171000 nmethod 3253 0x000000000f73b210 code [0x000000000f73b380, 0x000000000f73b4e8]
Event: 132.097 Thread 0x0000000006169000 3254       4       java.util.concurrent.locks.AbstractQueuedSynchronizer$ConditionObject::signal (33 bytes)
Event: 132.102 Thread 0x0000000006169000 nmethod 3254 0x000000000f6ca110 code [0x000000000f6ca260, 0x000000000f6ca4a8]
Event: 135.272 Thread 0x0000000006171000 3255       3       java.util.HashMap$TreeNode::moveRootToFront (124 bytes)
Event: 135.272 Thread 0x0000000006171000 nmethod 3255 0x000000000f317250 code [0x000000000f3173e0, 0x000000000f317a90]
Event: 136.866 Thread 0x000000000616b000 3256       4       com.android.dx.cf.direct.DirectClassFile::makeTypeList (47 bytes)
Event: 136.876 Thread 0x000000000616b000 nmethod 3256 0x000000000f6fb210 code [0x000000000f6fb380, 0x000000000f6fb9d8]
Event: 142.206 Thread 0x0000000006169000 3257       4       com.android.dx.dex.code.RopTranslator$LocalVariableAwareTranslationVisitor::visitThrowingInsn (11 bytes)
Event: 142.209 Thread 0x000000000616b000 3258       4       com.android.dx.dex.code.RopTranslator$TranslationVisitor::visitThrowingInsn (118 bytes)

GC Heap History (10 events):
Event: 84.006 GC heap before
{Heap before GC invocations=41 (full 9):
 PSYoungGen      total 232960K, used 116736K [0x00000000eab00000, 0x0000000100000000, 0x0000000100000000)
  eden space 116736K, 100% used [0x00000000eab00000,0x00000000f1d00000,0x00000000f1d00000)
  from space 116224K, 0% used [0x00000000f1d00000,0x00000000f1d00000,0x00000000f8e80000)
  to   space 116224K, 0% used [0x00000000f8e80000,0x00000000f8e80000,0x0000000100000000)
 ParOldGen       total 699392K, used 545889K [0x00000000c0000000, 0x00000000eab00000, 0x00000000eab00000)
  object space 699392K, 78% used [0x00000000c0000000,0x00000000e15187e0,0x00000000eab00000)
 Metaspace       used 6587K, capacity 7320K, committed 7680K, reserved 1056768K
  class space    used 616K, capacity 656K, committed 768K, reserved 1048576K
Event: 84.034 GC heap after
Heap after GC invocations=41 (full 9):
 PSYoungGen      total 232960K, used 65501K [0x00000000eab00000, 0x0000000100000000, 0x0000000100000000)
  eden space 116736K, 0% used [0x00000000eab00000,0x00000000eab00000,0x00000000f1d00000)
  from space 116224K, 56% used [0x00000000f8e80000,0x00000000fce77470,0x0000000100000000)
  to   space 116224K, 0% used [0x00000000f1d00000,0x00000000f1d00000,0x00000000f8e80000)
 ParOldGen       total 699392K, used 545889K [0x00000000c0000000, 0x00000000eab00000, 0x00000000eab00000)
  object space 699392K, 78% used [0x00000000c0000000,0x00000000e15187e0,0x00000000eab00000)
 Metaspace       used 6587K, capacity 7320K, committed 7680K, reserved 1056768K
  class space    used 616K, capacity 656K, committed 768K, reserved 1048576K
}
Event: 84.193 GC heap before
{Heap before GC invocations=42 (full 9):
 PSYoungGen      total 232960K, used 182237K [0x00000000eab00000, 0x0000000100000000, 0x0000000100000000)
  eden space 116736K, 100% used [0x00000000eab00000,0x00000000f1d00000,0x00000000f1d00000)
  from space 116224K, 56% used [0x00000000f8e80000,0x00000000fce77470,0x0000000100000000)
  to   space 116224K, 0% used [0x00000000f1d00000,0x00000000f1d00000,0x00000000f8e80000)
 ParOldGen       total 699392K, used 545889K [0x00000000c0000000, 0x00000000eab00000, 0x00000000eab00000)
  object space 699392K, 78% used [0x00000000c0000000,0x00000000e15187e0,0x00000000eab00000)
 Metaspace       used 6587K, capacity 7320K, committed 7680K, reserved 1056768K
  class space    used 616K, capacity 656K, committed 768K, reserved 1048576K
Event: 84.233 GC heap after
Heap after GC invocations=42 (full 9):
 PSYoungGen      total 232960K, used 23397K [0x00000000eab00000, 0x0000000100000000, 0x0000000100000000)
  eden space 116736K, 0% used [0x00000000eab00000,0x00000000eab00000,0x00000000f1d00000)
  from space 116224K, 20% used [0x00000000f1d00000,0x00000000f33d9678,0x00000000f8e80000)
  to   space 116224K, 0% used [0x00000000f8e80000,0x00000000f8e80000,0x0000000100000000)
 ParOldGen       total 699392K, used 612583K [0x00000000c0000000, 0x00000000eab00000, 0x00000000eab00000)
  object space 699392K, 87% used [0x00000000c0000000,0x00000000e5639ca0,0x00000000eab00000)
 Metaspace       used 6587K, capacity 7320K, committed 7680K, reserved 1056768K
  class space    used 616K, capacity 656K, committed 768K, reserved 1048576K
}
Event: 84.233 GC heap before
{Heap before GC invocations=43 (full 10):
 PSYoungGen      total 232960K, used 23397K [0x00000000eab00000, 0x0000000100000000, 0x0000000100000000)
  eden space 116736K, 0% used [0x00000000eab00000,0x00000000eab00000,0x00000000f1d00000)
  from space 116224K, 20% used [0x00000000f1d00000,0x00000000f33d9678,0x00000000f8e80000)
  to   space 116224K, 0% used [0x00000000f8e80000,0x00000000f8e80000,0x0000000100000000)
 ParOldGen       total 699392K, used 612583K [0x00000000c0000000, 0x00000000eab00000, 0x00000000eab00000)
  object space 699392K, 87% used [0x00000000c0000000,0x00000000e5639ca0,0x00000000eab00000)
 Metaspace       used 6587K, capacity 7320K, committed 7680K, reserved 1056768K
  class space    used 616K, capacity 656K, committed 768K, reserved 1048576K
Event: 85.223 GC heap after
Heap after GC invocations=43 (full 10):
 PSYoungGen      total 232960K, used 0K [0x00000000eab00000, 0x0000000100000000, 0x0000000100000000)
  eden space 116736K, 0% used [0x00000000eab00000,0x00000000eab00000,0x00000000f1d00000)
  from space 116224K, 0% used [0x00000000f1d00000,0x00000000f1d00000,0x00000000f8e80000)
  to   space 116224K, 0% used [0x00000000f8e80000,0x00000000f8e80000,0x0000000100000000)
 ParOldGen       total 699392K, used 628107K [0x00000000c0000000, 0x00000000eab00000, 0x00000000eab00000)
  object space 699392K, 89% used [0x00000000c0000000,0x00000000e6562d00,0x00000000eab00000)
 Metaspace       used 6587K, capacity 7320K, committed 7680K, reserved 1056768K
  class space    used 616K, capacity 656K, committed 768K, reserved 1048576K
}
Event: 112.942 GC heap before
{Heap before GC invocations=44 (full 11):
 PSYoungGen      total 232960K, used 116736K [0x00000000eab00000, 0x0000000100000000, 0x0000000100000000)
  eden space 116736K, 100% used [0x00000000eab00000,0x00000000f1d00000,0x00000000f1d00000)
  from space 116224K, 0% used [0x00000000f1d00000,0x00000000f1d00000,0x00000000f8e80000)
  to   space 116224K, 0% used [0x00000000f8e80000,0x00000000f8e80000,0x0000000100000000)
 ParOldGen       total 699392K, used 628107K [0x00000000c0000000, 0x00000000eab00000, 0x00000000eab00000)
  object space 699392K, 89% used [0x00000000c0000000,0x00000000e6562d00,0x00000000eab00000)
 Metaspace       used 6587K, capacity 7320K, committed 7680K, reserved 1056768K
  class space    used 616K, capacity 656K, committed 768K, reserved 1048576K
Event: 113.998 GC heap after
Heap after GC invocations=44 (full 11):
 PSYoungGen      total 232960K, used 0K [0x00000000eab00000, 0x0000000100000000, 0x0000000100000000)
  eden space 116736K, 0% used [0x00000000eab00000,0x00000000eab00000,0x00000000f1d00000)
  from space 116224K, 0% used [0x00000000f1d00000,0x00000000f1d00000,0x00000000f8e80000)
  to   space 116224K, 0% used [0x00000000f8e80000,0x00000000f8e80000,0x0000000100000000)
 ParOldGen       total 699392K, used 535646K [0x00000000c0000000, 0x00000000eab00000, 0x00000000eab00000)
  object space 699392K, 76% used [0x00000000c0000000,0x00000000e0b17b38,0x00000000eab00000)
 Metaspace       used 6587K, capacity 7320K, committed 7680K, reserved 1056768K
  class space    used 616K, capacity 656K, committed 768K, reserved 1048576K
}
Event: 135.874 GC heap before
{Heap before GC invocations=45 (full 11):
 PSYoungGen      total 232960K, used 116736K [0x00000000eab00000, 0x0000000100000000, 0x0000000100000000)
  eden space 116736K, 100% used [0x00000000eab00000,0x00000000f1d00000,0x00000000f1d00000)
  from space 116224K, 0% used [0x00000000f1d00000,0x00000000f1d00000,0x00000000f8e80000)
  to   space 116224K, 0% used [0x00000000f8e80000,0x00000000f8e80000,0x0000000100000000)
 ParOldGen       total 699392K, used 535646K [0x00000000c0000000, 0x00000000eab00000, 0x00000000eab00000)
  object space 699392K, 76% used [0x00000000c0000000,0x00000000e0b17b38,0x00000000eab00000)
 Metaspace       used 6588K, capacity 7320K, committed 7680K, reserved 1056768K
  class space    used 616K, capacity 656K, committed 768K, reserved 1048576K
Event: 135.896 GC heap after
Heap after GC invocations=45 (full 11):
 PSYoungGen      total 232960K, used 19456K [0x00000000eab00000, 0x0000000100000000, 0x0000000100000000)
  eden space 116736K, 0% used [0x00000000eab00000,0x00000000eab00000,0x00000000f1d00000)
  from space 116224K, 16% used [0x00000000f8e80000,0x00000000fa180000,0x0000000100000000)
  to   space 116224K, 0% used [0x00000000f1d00000,0x00000000f1d00000,0x00000000f8e80000)
 ParOldGen       total 699392K, used 535646K [0x00000000c0000000, 0x00000000eab00000, 0x00000000eab00000)
  object space 699392K, 76% used [0x00000000c0000000,0x00000000e0b17b38,0x00000000eab00000)
 Metaspace       used 6588K, capacity 7320K, committed 7680K, reserved 1056768K
  class space    used 616K, capacity 656K, committed 768K, reserved 1048576K
}

Deoptimization events (10 events):
Event: 74.337 Thread 0x0000000007bdb800 Uncommon trap: reason=class_check action=maybe_recompile pc=0x000000000f95fda4 method=com.android.dx.ssa.back.InterferenceGraph.mergeInterferenceSet(ILcom/android/dx/util/IntSet;)V @ 20
Event: 74.337 Thread 0x0000000007bdb800 Uncommon trap: reason=class_check action=maybe_recompile pc=0x000000000fa72284 method=com.android.dx.util.BitIntSet.merge(Lcom/android/dx/util/IntSet;)V @ 1
Event: 74.338 Thread 0x0000000007bdb800 Uncommon trap: reason=class_check action=maybe_recompile pc=0x000000000f95fda4 method=com.android.dx.ssa.back.InterferenceGraph.mergeInterferenceSet(ILcom/android/dx/util/IntSet;)V @ 20
Event: 74.338 Thread 0x0000000007bdb800 Uncommon trap: reason=class_check action=maybe_recompile pc=0x000000000fa72284 method=com.android.dx.util.BitIntSet.merge(Lcom/android/dx/util/IntSet;)V @ 1
Event: 74.338 Thread 0x0000000007bdb800 Uncommon trap: reason=class_check action=maybe_recompile pc=0x000000000f95fda4 method=com.android.dx.ssa.back.InterferenceGraph.mergeInterferenceSet(ILcom/android/dx/util/IntSet;)V @ 20
Event: 74.338 Thread 0x0000000007bdb800 Uncommon trap: reason=class_check action=maybe_recompile pc=0x000000000fa72284 method=com.android.dx.util.BitIntSet.merge(Lcom/android/dx/util/IntSet;)V @ 1
Event: 74.430 Thread 0x0000000007bdb800 Uncommon trap: reason=class_check action=maybe_recompile pc=0x000000000f95fda4 method=com.android.dx.ssa.back.InterferenceGraph.mergeInterferenceSet(ILcom/android/dx/util/IntSet;)V @ 20
Event: 74.430 Thread 0x0000000007bdb800 Uncommon trap: reason=class_check action=maybe_recompile pc=0x000000000fa72284 method=com.android.dx.util.BitIntSet.merge(Lcom/android/dx/util/IntSet;)V @ 1
Event: 92.523 Thread 0x0000000007bdf800 Uncommon trap: reason=null_check action=make_not_entrant pc=0x000000000fbad2a8 method=com.android.dx.cf.code.Ropper$CatchInfo.getSetup(Lcom/android/dx/rop/type/Type;)Lcom/android/dx/cf/code/Ropper$ExceptionHandlerSetup; @ 10
Event: 124.894 Thread 0x0000000007bdb800 Uncommon trap: reason=unreached action=reinterpret pc=0x000000000f29707c method=com.android.dx.cf.code.Simulator.requiredArrayTypeFor(Lcom/android/dx/rop/type/Type;Lcom/android/dx/rop/type/Type;)Lcom/android/dx/rop/type/Type; @ 49

Internal exceptions (10 events):
Event: 5.428 Thread 0x0000000007bdb800 Exception <a 'java/lang/ArrayIndexOutOfBoundsException'> (0x00000000ecc35840) thrown at [C:\workspace\8-2-build-windows-amd64-cygwin\jdk8u31\2394\hotspot\src\share\vm\runtime\sharedRuntime.cpp, line 604]
Event: 12.307 Thread 0x0000000000c7d800 Exception <a 'java/security/PrivilegedActionException'> (0x00000000ee0257d0) thrown at [C:\workspace\8-2-build-windows-amd64-cygwin\jdk8u31\2394\hotspot\src\share\vm\prims\jvm.cpp, line 1312]
Event: 12.310 Thread 0x0000000000c7d800 Implicit null exception at 0x000000000f196c77 to 0x000000000f197231
Event: 18.415 Thread 0x0000000000c7d800 Exception <a 'java/security/PrivilegedActionException'> (0x00000000ece44f28) thrown at [C:\workspace\8-2-build-windows-amd64-cygwin\jdk8u31\2394\hotspot\src\share\vm\prims\jvm.cpp, line 1312]
Event: 21.851 Thread 0x0000000007bdb800 Implicit null exception at 0x000000000f69c7a7 to 0x000000000f69da05
Event: 24.635 Thread 0x0000000007bdb800 Exception <a 'java/security/PrivilegedActionException'> (0x00000000f1809090) thrown at [C:\workspace\8-2-build-windows-amd64-cygwin\jdk8u31\2394\hotspot\src\share\vm\prims\jvm.cpp, line 1312]
Event: 24.635 Thread 0x0000000007bdb800 Exception <a 'java/security/PrivilegedActionException'> (0x00000000f180b148) thrown at [C:\workspace\8-2-build-windows-amd64-cygwin\jdk8u31\2394\hotspot\src\share\vm\prims\jvm.cpp, line 1312]
Event: 63.643 Thread 0x0000000007bdf800 Exception <a 'java/security/PrivilegedActionException'> (0x00000000eed25208) thrown at [C:\workspace\8-2-build-windows-amd64-cygwin\jdk8u31\2394\hotspot\src\share\vm\prims\jvm.cpp, line 1312]
Event: 64.238 Thread 0x0000000007bdf800 Exception <a 'java/security/PrivilegedActionException'> (0x00000000efe69fc0) thrown at [C:\workspace\8-2-build-windows-amd64-cygwin\jdk8u31\2394\hotspot\src\share\vm\prims\jvm.cpp, line 1312]
Event: 92.523 Thread 0x0000000007bdf800 Implicit null exception at 0x000000000fba61a0 to 0x000000000fbad269

Events (10 events):
Event: 113.998 Executing VM operation: ParallelGCFailedAllocation done
Event: 124.894 Thread 0x0000000007bdb800 Uncommon trap: trap_request=0xffffffad fr.pc=0x000000000f29707c
Event: 124.894 Thread 0x0000000007bdb800 DEOPT PACKING pc=0x000000000f29707c sp=0x0000000009a8e6c0
Event: 124.894 Thread 0x0000000007bdb800 DEOPT UNPACKING pc=0x000000000f05556a sp=0x0000000009a8e640 mode 2
Event: 135.272 Thread 0x0000000006171000 flushing nmethod 0x000000000f1383d0
Event: 135.272 Thread 0x0000000006171000 flushing nmethod 0x000000000f148550
Event: 135.272 Thread 0x0000000006171000 flushing nmethod 0x000000000f150d50
Event: 135.272 Thread 0x0000000006171000 flushing nmethod 0x000000000f151810
Event: 135.874 Executing VM operation: ParallelGCFailedAllocation
Event: 135.896 Executing VM operation: ParallelGCFailedAllocation done


Dynamic libraries:
0x00007ff790300000 - 0x00007ff790334000 	C:\Program Files\Java\jdk1.8.0_31\bin\java.exe
0x00007fff4ba90000 - 0x00007fff4bc39000 	C:\Windows\SYSTEM32\ntdll.dll
0x00007fff4a2b0000 - 0x00007fff4a3e9000 	C:\Windows\system32\KERNEL32.DLL
0x00007fff47c70000 - 0x00007fff47d7e000 	C:\Windows\system32\KERNELBASE.dll
0x00007fff46750000 - 0x00007fff467db000 	C:\Windows\system32\apphelp.dll
0x00007fff3c2e0000 - 0x00007fff3c32f000 	C:\Windows\AppPatch\AppPatch64\AcGenral.DLL
0x00007fff480a0000 - 0x00007fff48147000 	C:\Windows\system32\msvcrt.dll
0x00007fff47880000 - 0x00007fff478ab000 	C:\Windows\SYSTEM32\SspiCli.dll
0x00007fff48a70000 - 0x00007fff48ac1000 	C:\Windows\system32\SHLWAPI.dll
0x00007fff4a5f0000 - 0x00007fff4a761000 	C:\Windows\system32\USER32.dll
0x00007fff48660000 - 0x00007fff487d6000 	C:\Windows\system32\ole32.dll
0x00007fff48ad0000 - 0x00007fff49edd000 	C:\Windows\system32\SHELL32.dll
0x00007fff470b0000 - 0x00007fff470cf000 	C:\Windows\SYSTEM32\USERENV.dll
0x00007fff48360000 - 0x00007fff48405000 	C:\Windows\system32\ADVAPI32.dll
0x00007fff3e880000 - 0x00007fff3e89b000 	C:\Windows\SYSTEM32\MPR.dll
0x00007fff4a110000 - 0x00007fff4a246000 	C:\Windows\system32\RPCRT4.dll
0x00007fff4a250000 - 0x00007fff4a2a7000 	C:\Windows\SYSTEM32\sechost.dll
0x00007fff48410000 - 0x00007fff485e7000 	C:\Windows\SYSTEM32\combase.dll
0x00007fff49ee0000 - 0x00007fff4a025000 	C:\Windows\system32\GDI32.dll
0x00007fff47af0000 - 0x00007fff47b04000 	C:\Windows\SYSTEM32\profapi.dll
0x00007fff46410000 - 0x00007fff464b1000 	C:\Windows\SYSTEM32\SHCORE.dll
0x00007fff4a3f0000 - 0x00007fff4a424000 	C:\Windows\system32\IMM32.DLL
0x00007fff4a450000 - 0x00007fff4a588000 	C:\Windows\system32\MSCTF.dll
0x00007fff47aa0000 - 0x00007fff47ad1000 	C:\Windows\system32\nvinitx.dll
0x00007fff47a90000 - 0x00007fff47a9a000 	C:\Windows\SYSTEM32\VERSION.dll
0x000000000f000000 - 0x000000000f006000 	C:\Program Files\NVIDIA Corporation\CoProcManager\_etoured.dll
0x00007fff464d0000 - 0x00007fff46501000 	C:\Program Files\NVIDIA Corporation\CoProcManager\nvd3d9wrapx.dll
0x00007fff48890000 - 0x00007fff48a66000 	C:\Windows\system32\SETUPAPI.dll
0x00007fff47f60000 - 0x00007fff47faa000 	C:\Windows\system32\CFGMGR32.dll
0x00007fff460f0000 - 0x00007fff46112000 	C:\Program Files\NVIDIA Corporation\CoProcManager\nvdxgiwrapx.dll
0x00007fff45d30000 - 0x00007fff45f8a000 	C:\Windows\WinSxS\amd64_microsoft.windows.common-controls_6595b64144ccf1df_6.0.9600.16384_none_62475f7becb72503\COMCTL32.dll
0x00007fff2f9d0000 - 0x00007fff2fa61000 	C:\Program Files (x86)\AVG\AVG2015\avghooka.dll
0x0000000075c50000 - 0x0000000075d22000 	C:\Program Files\Java\jdk1.8.0_31\jre\bin\msvcr100.dll
0x00000000760c0000 - 0x000000007691a000 	C:\Program Files\Java\jdk1.8.0_31\jre\bin\server\jvm.dll
0x00007fff459c0000 - 0x00007fff459c9000 	C:\Windows\SYSTEM32\WSOCK32.dll
0x00007fff44e20000 - 0x00007fff44e3f000 	C:\Windows\SYSTEM32\WINMM.dll
0x00007fff4a440000 - 0x00007fff4a447000 	C:\Windows\system32\PSAPI.DLL
0x00007fff4a590000 - 0x00007fff4a5e8000 	C:\Windows\system32\WS2_32.dll
0x00007fff43030000 - 0x00007fff4305a000 	C:\Windows\SYSTEM32\WINMMBASE.dll
0x00007fff48350000 - 0x00007fff48359000 	C:\Windows\system32\NSI.dll
0x00007fff46920000 - 0x00007fff46946000 	C:\Windows\SYSTEM32\DEVOBJ.dll
0x0000000050000000 - 0x000000005000f000 	C:\Program Files\Java\jdk1.8.0_31\jre\bin\verify.dll
0x0000000076090000 - 0x00000000760b8000 	C:\Program Files\Java\jdk1.8.0_31\jre\bin\java.dll
0x0000000076070000 - 0x0000000076086000 	C:\Program Files\Java\jdk1.8.0_31\jre\bin\zip.dll
0x00007fff289c0000 - 0x00007fff28b48000 	C:\Windows\SYSTEM32\dbghelp.dll

VM Arguments:
jvm_args: -Xmx1024M -Dfile.encoding=windows-1252 -Duser.country=US -Duser.language=en -Duser.variant 
java_command: com.android.dx.command.Main --dex --num-threads=4 --multi-dex --main-dex-list C:\Users\Jansen\Desktop\pick-a-park\app\build\intermediates\multi-dex\debug\maindexlist.txt --output C:\Users\Jansen\Desktop\pick-a-park\app\build\intermediates\dex\debug C:\Users\Jansen\Desktop\pick-a-park\app\build\intermediates\multi-dex\debug\allclasses.jar
java_class_path (initial): D:\AndroidProgramming\Android\SDK\build-tools\23.0.2\lib\dx.jar
Launcher Type: SUN_STANDARD

Environment Variables:
JAVA_HOME=C:\Program Files\Java\jdk1.8.0_31
PATH=C:\Program Files\Broadcom\Broadcom 802.11 Network Adapter;C:\oracle\product\10.2.0\db_1\bin;C:\ProgramData\Oracle\Java\javapath;C:\Program Files (x86)\Intel\iCLS Client\;C:\Program Files\Intel\iCLS Client\;C:\Windows\system32;C:\Windows;C:\Windows\System32\Wbem;C:\Windows\System32\WindowsPowerShell\v1.0\;C:\Program Files (x86)\Intel\OpenCL SDK\2.0\bin\x86;C:\Program Files (x86)\Intel\OpenCL SDK\2.0\bin\x64;C:\Program Files\Intel\Intel(R) Management Engine Components\DAL;C:\Program Files\Intel\Intel(R) Management Engine Components\IPT;C:\Program Files (x86)\Intel\Intel(R) Management Engine Components\DAL;C:\Program Files (x86)\Intel\Intel(R) Management Engine Components\IPT;C:\Program Files (x86)\NVIDIA Corporation\PhysX\Common;C:\Program Files (x86)\Git\cmd;C:\apache-ant-1.9.5\bin;D:\AndroidProgramming\Android\SDK\tools;C:\Program Files (x86)\CloudFoundry;C:\Program Files (x86)\Common Files\lenovo\easyplussdk\bin;C:\Program Files (x86)\Skype\Phone\
USERNAME=Jansen
OS=Windows_NT
PROCESSOR_IDENTIFIER=Intel64 Family 6 Model 58 Stepping 9, GenuineIntel



---------------  S Y S T E M  ---------------

OS: Windows 8.1 , 64 bit Build 9600 

CPU:total 4 (2 cores per cpu, 2 threads per core) family 6 model 58 stepping 9, cmov, cx8, fxsr, mmx, sse, sse2, sse3, ssse3, sse4.1, sse4.2, popcnt, avx, aes, clmul, erms, ht, tsc, tscinvbit, tscinv

Memory: 4k page, physical 4094312k(360732k free), swap 6191464k(41272k free)

vm_info: Java HotSpot(TM) 64-Bit Server VM (25.31-b07) for windows-amd64 JRE (1.8.0_31-b13), built on Dec 17 2014 21:00:28 by "java_re" with MS VC++ 10.0 (VS2010)

time: Thu Nov 19 04:16:34 2015
elapsed time: 178 seconds (0d 0h 2m 58s)

